<?xml version="1.0" encoding="UTF-8"?>
<!-- Generated by org.testng.reporters.JUnitReportReporter -->
<testsuite hostname="DESKTOP-QAAF7U2" failures="0" tests="1" name="Mavenjava.HomePage" time="8.196" errors="0" timestamp="2022-05-12T09:51:17 EDT" skipped="0">
  <testcase classname="Mavenjava.HomePage" name="basepagenavigation" time="8.196"/>
  <system-out/>
</testsuite> <!-- Mavenjava.HomePage -->
